  Bishop.cpp
C:\Users\Light\Documents\Chess.C++\State_Pattern\Piece.h(2,10): fatal error C1083: Не удается открыть файл включение: SFML/Graphics.hpp: No such file or directory,
  Castle.cpp
C:\Users\Light\Documents\Chess.C++\State_Pattern\Piece.h(2,10): fatal error C1083: Не удается открыть файл включение: SFML/Graphics.hpp: No such file or directory,
  ChessFieldGenerator.cpp
C:\Users\Light\Documents\Chess.C++\State_Pattern\ChessFieldGenerator.h(6,10): warning C4067: непредвиденные лексемы за директивой препроцессора, требуется newline
C:\Users\Light\Documents\Chess.C++\State_Pattern\Piece.h(2,10): fatal error C1083: Не удается открыть файл включение: SFML/Graphics.hpp: No such file or directory,
  ChessGameRule.cpp
C:\Users\Light\Documents\Chess.C++\State_Pattern\TilesHolder.h(3,10): fatal error C1083: Не удается открыть файл включение: SFML/Graphics.hpp: No such file or directory,
  FadingAnimator.cpp
C:\Users\Light\Documents\Chess.C++\State_Pattern\IAnimator.h(2,10): fatal error C1083: Не удается открыть файл включение: SFML/Graphics.hpp: No such file or directory,
  GameInProgressState.cpp
C:\Users\Light\Documents\Chess.C++\State_Pattern\App.h(4,10): fatal error C1083: Не удается открыть файл включение: SFML/Graphics.hpp: No such file or directory,
  GamePausedState.cpp
C:\Users\Light\Documents\Chess.C++\State_Pattern\TiledGameFiled.h(4,10): fatal error C1083: Не удается открыть файл включение: SFML/Graphics.hpp: No such file or directory,
  GameState.cpp
C:\Users\Light\Documents\Chess.C++\State_Pattern\TiledGameFiled.h(4,10): fatal error C1083: Не удается открыть файл включение: SFML/Graphics.hpp: No such file or directory,
  Horse.cpp
C:\Users\Light\Documents\Chess.C++\State_Pattern\Piece.h(2,10): fatal error C1083: Не удается открыть файл включение: SFML/Graphics.hpp: No such file or directory,
  HumanPlayer.cpp
C:\Users\Light\Documents\Chess.C++\State_Pattern\Tile.h(3,10): fatal error C1083: Не удается открыть файл включение: SFML/Graphics.hpp: No such file or directory,
  King.cpp
C:\Users\Light\Documents\Chess.C++\State_Pattern\Piece.h(2,10): fatal error C1083: Не удается открыть файл включение: SFML/Graphics.hpp: No such file or directory,
  main.cpp
C:\Users\Light\Documents\Chess.C++\State_Pattern\main.cpp(1,10): fatal error C1083: Не удается открыть файл включение: SFML/Graphics.hpp: No such file or directory,
  App.cpp
C:\Users\Light\Documents\Chess.C++\State_Pattern\App.h(4,10): fatal error C1083: Не удается открыть файл включение: SFML/Graphics.hpp: No such file or directory,
  MainMenuState.cpp
C:\Users\Light\Documents\Chess.C++\State_Pattern\App.h(4,10): fatal error C1083: Не удается открыть файл включение: SFML/Graphics.hpp: No such file or directory,
  MainMenuUIController.cpp
C:\Users\Light\Documents\Chess.C++\State_Pattern\IUiElem.h(2,10): fatal error C1083: Не удается открыть файл включение: SFML/Graphics.hpp: No such file or directory,
  Oval.cpp
C:\Users\Light\Documents\Chess.C++\State_Pattern\Oval.h(2,10): fatal error C1083: Не удается открыть файл включение: SFML/Graphics.hpp: No such file or directory,
  Pawn.cpp
C:\Users\Light\Documents\Chess.C++\State_Pattern\Piece.h(2,10): fatal error C1083: Не удается открыть файл включение: SFML/Graphics.hpp: No such file or directory,
  PlayerController.cpp
C:\Users\Light\Documents\Chess.C++\State_Pattern\Tile.h(3,10): fatal error C1083: Не удается открыть файл включение: SFML/Graphics.hpp: No such file or directory,
  Queen.cpp
C:\Users\Light\Documents\Chess.C++\State_Pattern\Piece.h(2,10): fatal error C1083: Не удается открыть файл включение: SFML/Graphics.hpp: No such file or directory,
  Recktangle.cpp
C:\Users\Light\Documents\Chess.C++\State_Pattern\Recktangle.h(2,10): fatal error C1083: Не удается открыть файл включение: SFML/Graphics.hpp: No such file or directory,
  Создание кода...
  Компиляция...
  Tile.cpp
C:\Users\Light\Documents\Chess.C++\State_Pattern\Tile.h(3,10): fatal error C1083: Не удается открыть файл включение: SFML/Graphics.hpp: No such file or directory,
  TiledGameField.cpp
C:\Users\Light\Documents\Chess.C++\State_Pattern\TiledGameFiled.h(4,10): fatal error C1083: Не удается открыть файл включение: SFML/Graphics.hpp: No such file or directory,
  TilesHolder.cpp
C:\Users\Light\Documents\Chess.C++\State_Pattern\TilesHolder.h(3,10): fatal error C1083: Не удается открыть файл включение: SFML/Graphics.hpp: No such file or directory,
  Создание кода...
